<?xml version="1.0" encoding="UTF-8"?>
<testsuite xmlns:xsi="http://www.w3.org/2001/XMLSchema-instance" xsi:noNamespaceSchemaLocation="https://maven.apache.org/surefire/maven-surefire-plugin/xsd/surefire-test-report.xsd" name="com.example.runners.TestRunner" time="32.16" tests="1" errors="0" skipped="0" failures="1">
  <properties>
    <property name="sun.desktop" value="windows"/>
    <property name="awt.toolkit" value="sun.awt.windows.WToolkit"/>
    <property name="file.encoding.pkg" value="sun.io"/>
    <property name="java.specification.version" value="1.8"/>
    <property name="sun.cpu.isalist" value="amd64"/>
    <property name="sun.jnu.encoding" value="Cp1252"/>
    <property name="java.class.path" value="F:\MavenSeleniumreport\CucumberJava\target\test-classes;F:\MavenSeleniumreport\CucumberJava\target\classes;C:\Users\HP\.m2\repository\io\cucumber\cucumber-java\7.0.0\cucumber-java-7.0.0.jar;C:\Users\HP\.m2\repository\io\cucumber\cucumber-core\7.0.0\cucumber-core-7.0.0.jar;C:\Users\HP\.m2\repository\io\cucumber\cucumber-gherkin\7.0.0\cucumber-gherkin-7.0.0.jar;C:\Users\HP\.m2\repository\io\cucumber\cucumber-gherkin-messages\7.0.0\cucumber-gherkin-messages-7.0.0.jar;C:\Users\HP\.m2\repository\io\cucumber\messages\17.1.1\messages-17.1.1.jar;C:\Users\HP\.m2\repository\io\cucumber\tag-expressions\4.0.2\tag-expressions-4.0.2.jar;C:\Users\HP\.m2\repository\io\cucumber\cucumber-expressions\13.0.1\cucumber-expressions-13.0.1.jar;C:\Users\HP\.m2\repository\io\cucumber\datatable\7.0.0\datatable-7.0.0.jar;C:\Users\HP\.m2\repository\io\cucumber\cucumber-plugin\7.0.0\cucumber-plugin-7.0.0.jar;C:\Users\HP\.m2\repository\io\cucumber\docstring\7.0.0\docstring-7.0.0.jar;C:\Users\HP\.m2\repository\io\cucumber\html-formatter\17.0.0\html-formatter-17.0.0.jar;C:\Users\HP\.m2\repository\io\cucumber\create-meta\6.0.1\create-meta-6.0.1.jar;C:\Users\HP\.m2\repository\org\apiguardian\apiguardian-api\1.1.2\apiguardian-api-1.1.2.jar;C:\Users\HP\.m2\repository\io\cucumber\cucumber-junit\7.0.0\cucumber-junit-7.0.0.jar;C:\Users\HP\.m2\repository\org\seleniumhq\selenium\selenium-java\4.1.0\selenium-java-4.1.0.jar;C:\Users\HP\.m2\repository\org\seleniumhq\selenium\selenium-api\4.1.0\selenium-api-4.1.0.jar;C:\Users\HP\.m2\repository\org\seleniumhq\selenium\selenium-chrome-driver\4.1.0\selenium-chrome-driver-4.1.0.jar;C:\Users\HP\.m2\repository\com\google\auto\service\auto-service-annotations\1.0.1\auto-service-annotations-1.0.1.jar;C:\Users\HP\.m2\repository\com\google\auto\service\auto-service\1.0.1\auto-service-1.0.1.jar;C:\Users\HP\.m2\repository\com\google\auto\auto-common\1.2\auto-common-1.2.jar;C:\Users\HP\.m2\repository\com\google\guava\guava\31.0.1-jre\guava-31.0.1-jre.jar;C:\Users\HP\.m2\repository\com\google\guava\failureaccess\1.0.1\failureaccess-1.0.1.jar;C:\Users\HP\.m2\repository\com\google\guava\listenablefuture\9999.0-empty-to-avoid-conflict-with-guava\listenablefuture-9999.0-empty-to-avoid-conflict-with-guava.jar;C:\Users\HP\.m2\repository\com\google\code\findbugs\jsr305\3.0.2\jsr305-3.0.2.jar;C:\Users\HP\.m2\repository\org\checkerframework\checker-qual\3.12.0\checker-qual-3.12.0.jar;C:\Users\HP\.m2\repository\com\google\errorprone\error_prone_annotations\2.7.1\error_prone_annotations-2.7.1.jar;C:\Users\HP\.m2\repository\com\google\j2objc\j2objc-annotations\1.3\j2objc-annotations-1.3.jar;C:\Users\HP\.m2\repository\org\seleniumhq\selenium\selenium-chromium-driver\4.1.0\selenium-chromium-driver-4.1.0.jar;C:\Users\HP\.m2\repository\org\seleniumhq\selenium\selenium-json\4.1.0\selenium-json-4.1.0.jar;C:\Users\HP\.m2\repository\org\seleniumhq\selenium\selenium-devtools-v85\4.1.0\selenium-devtools-v85-4.1.0.jar;C:\Users\HP\.m2\repository\org\seleniumhq\selenium\selenium-devtools-v94\4.1.0\selenium-devtools-v94-4.1.0.jar;C:\Users\HP\.m2\repository\org\seleniumhq\selenium\selenium-devtools-v95\4.1.0\selenium-devtools-v95-4.1.0.jar;C:\Users\HP\.m2\repository\org\seleniumhq\selenium\selenium-devtools-v96\4.1.0\selenium-devtools-v96-4.1.0.jar;C:\Users\HP\.m2\repository\org\seleniumhq\selenium\selenium-edge-driver\4.1.0\selenium-edge-driver-4.1.0.jar;C:\Users\HP\.m2\repository\org\seleniumhq\selenium\selenium-firefox-driver\4.1.0\selenium-firefox-driver-4.1.0.jar;C:\Users\HP\.m2\repository\org\seleniumhq\selenium\selenium-firefox-xpi-driver\4.1.0\selenium-firefox-xpi-driver-4.1.0.jar;C:\Users\HP\.m2\repository\org\seleniumhq\selenium\selenium-ie-driver\4.1.0\selenium-ie-driver-4.1.0.jar;C:\Users\HP\.m2\repository\org\seleniumhq\selenium\selenium-opera-driver\4.1.0\selenium-opera-driver-4.1.0.jar;C:\Users\HP\.m2\repository\org\seleniumhq\selenium\selenium-remote-driver\4.1.0\selenium-remote-driver-4.1.0.jar;C:\Users\HP\.m2\repository\com\beust\jcommander\1.81\jcommander-1.81.jar;C:\Users\HP\.m2\repository\io\netty\netty-buffer\4.1.69.Final\netty-buffer-4.1.69.Final.jar;C:\Users\HP\.m2\repository\io\netty\netty-codec-http\4.1.69.Final\netty-codec-http-4.1.69.Final.jar;C:\Users\HP\.m2\repository\io\netty\netty-codec\4.1.69.Final\netty-codec-4.1.69.Final.jar;C:\Users\HP\.m2\repository\io\netty\netty-handler\4.1.69.Final\netty-handler-4.1.69.Final.jar;C:\Users\HP\.m2\repository\io\netty\netty-common\4.1.69.Final\netty-common-4.1.69.Final.jar;C:\Users\HP\.m2\repository\io\netty\netty-transport-native-epoll\4.1.69.Final\netty-transport-native-epoll-4.1.69.Final.jar;C:\Users\HP\.m2\repository\io\netty\netty-transport-native-kqueue\4.1.69.Final\netty-transport-native-kqueue-4.1.69.Final.jar;C:\Users\HP\.m2\repository\io\netty\netty-transport-native-unix-common\4.1.69.Final\netty-transport-native-unix-common-4.1.69.Final.jar;C:\Users\HP\.m2\repository\io\netty\netty-transport\4.1.69.Final\netty-transport-4.1.69.Final.jar;C:\Users\HP\.m2\repository\io\netty\netty-resolver\4.1.69.Final\netty-resolver-4.1.69.Final.jar;C:\Users\HP\.m2\repository\io\opentelemetry\opentelemetry-api\1.9.0\opentelemetry-api-1.9.0.jar;C:\Users\HP\.m2\repository\io\opentelemetry\opentelemetry-context\1.9.0\opentelemetry-context-1.9.0.jar;C:\Users\HP\.m2\repository\io\opentelemetry\opentelemetry-exporter-logging\1.9.0\opentelemetry-exporter-logging-1.9.0.jar;C:\Users\HP\.m2\repository\io\opentelemetry\opentelemetry-sdk-metrics\1.9.0-alpha\opentelemetry-sdk-metrics-1.9.0-alpha.jar;C:\Users\HP\.m2\repository\io\opentelemetry\opentelemetry-sdk-logs\1.9.0-alpha\opentelemetry-sdk-logs-1.9.0-alpha.jar;C:\Users\HP\.m2\repository\com\fasterxml\jackson\core\jackson-databind\2.13.0\jackson-databind-2.13.0.jar;C:\Users\HP\.m2\repository\com\fasterxml\jackson\core\jackson-annotations\2.13.0\jackson-annotations-2.13.0.jar;C:\Users\HP\.m2\repository\com\fasterxml\jackson\core\jackson-core\2.13.0\jackson-core-2.13.0.jar;C:\Users\HP\.m2\repository\io\opentelemetry\opentelemetry-sdk-common\1.9.0\opentelemetry-sdk-common-1.9.0.jar;C:\Users\HP\.m2\repository\io\opentelemetry\opentelemetry-sdk-extension-autoconfigure-spi\1.9.0\opentelemetry-sdk-extension-autoconfigure-spi-1.9.0.jar;C:\Users\HP\.m2\repository\io\opentelemetry\opentelemetry-sdk-extension-autoconfigure\1.9.0-alpha\opentelemetry-sdk-extension-autoconfigure-1.9.0-alpha.jar;C:\Users\HP\.m2\repository\io\opentelemetry\opentelemetry-sdk-trace\1.9.0\opentelemetry-sdk-trace-1.9.0.jar;C:\Users\HP\.m2\repository\io\opentelemetry\opentelemetry-api-metrics\1.9.0-alpha\opentelemetry-api-metrics-1.9.0-alpha.jar;C:\Users\HP\.m2\repository\io\opentelemetry\opentelemetry-sdk\1.9.0\opentelemetry-sdk-1.9.0.jar;C:\Users\HP\.m2\repository\io\opentelemetry\opentelemetry-semconv\1.9.0-alpha\opentelemetry-semconv-1.9.0-alpha.jar;C:\Users\HP\.m2\repository\io\ous\jtoml\2.0.0\jtoml-2.0.0.jar;C:\Users\HP\.m2\repository\net\bytebuddy\byte-buddy\1.12.1\byte-buddy-1.12.1.jar;C:\Users\HP\.m2\repository\org\apache\commons\commons-exec\1.3\commons-exec-1.3.jar;C:\Users\HP\.m2\repository\org\asynchttpclient\async-http-client\2.12.3\async-http-client-2.12.3.jar;C:\Users\HP\.m2\repository\org\asynchttpclient\async-http-client-netty-utils\2.12.3\async-http-client-netty-utils-2.12.3.jar;C:\Users\HP\.m2\repository\io\netty\netty-codec-socks\4.1.60.Final\netty-codec-socks-4.1.60.Final.jar;C:\Users\HP\.m2\repository\io\netty\netty-handler-proxy\4.1.60.Final\netty-handler-proxy-4.1.60.Final.jar;C:\Users\HP\.m2\repository\io\netty\netty-transport-native-epoll\4.1.60.Final\netty-transport-native-epoll-4.1.60.Final-linux-x86_64.jar;C:\Users\HP\.m2\repository\io\netty\netty-transport-native-kqueue\4.1.60.Final\netty-transport-native-kqueue-4.1.60.Final-osx-x86_64.jar;C:\Users\HP\.m2\repository\org\reactivestreams\reactive-streams\1.0.3\reactive-streams-1.0.3.jar;C:\Users\HP\.m2\repository\com\typesafe\netty\netty-reactive-streams\2.0.4\netty-reactive-streams-2.0.4.jar;C:\Users\HP\.m2\repository\org\slf4j\slf4j-api\1.7.30\slf4j-api-1.7.30.jar;C:\Users\HP\.m2\repository\com\sun\activation\jakarta.activation\1.2.2\jakarta.activation-1.2.2.jar;C:\Users\HP\.m2\repository\org\seleniumhq\selenium\selenium-http\4.1.0\selenium-http-4.1.0.jar;C:\Users\HP\.m2\repository\net\jodah\failsafe\2.4.4\failsafe-2.4.4.jar;C:\Users\HP\.m2\repository\org\seleniumhq\selenium\selenium-safari-driver\4.1.0\selenium-safari-driver-4.1.0.jar;C:\Users\HP\.m2\repository\org\seleniumhq\selenium\selenium-support\4.1.0\selenium-support-4.1.0.jar;C:\Users\HP\.m2\repository\junit\junit\4.13.2\junit-4.13.2.jar;C:\Users\HP\.m2\repository\org\hamcrest\hamcrest-core\1.3\hamcrest-core-1.3.jar;"/>
    <property name="java.vm.vendor" value="Oracle Corporation"/>
    <property name="sun.arch.data.model" value="64"/>
    <property name="user.variant" value=""/>
    <property name="java.vendor.url" value="http://java.oracle.com/"/>
    <property name="user.timezone" value="Asia/Calcutta"/>
    <property name="java.vm.specification.version" value="1.8"/>
    <property name="os.name" value="Windows 10"/>
    <property name="user.country" value="US"/>
    <property name="sun.java.launcher" value="SUN_STANDARD"/>
    <property name="sun.boot.library.path" value="C:\Program Files\Java\jdk1.8.0_281\jre\bin"/>
    <property name="sun.java.command" value="C:\Users\HP\AppData\Local\Temp\surefire6183341744296906205\surefirebooter2004355075412423167.jar C:\Users\HP\AppData\Local\Temp\surefire6183341744296906205 2024-06-20T11-17-45_475-jvmRun1 surefire4300809296959184889tmp surefire_06338087382560302337tmp"/>
    <property name="surefire.test.class.path" value="F:\MavenSeleniumreport\CucumberJava\target\test-classes;F:\MavenSeleniumreport\CucumberJava\target\classes;C:\Users\HP\.m2\repository\io\cucumber\cucumber-java\7.0.0\cucumber-java-7.0.0.jar;C:\Users\HP\.m2\repository\io\cucumber\cucumber-core\7.0.0\cucumber-core-7.0.0.jar;C:\Users\HP\.m2\repository\io\cucumber\cucumber-gherkin\7.0.0\cucumber-gherkin-7.0.0.jar;C:\Users\HP\.m2\repository\io\cucumber\cucumber-gherkin-messages\7.0.0\cucumber-gherkin-messages-7.0.0.jar;C:\Users\HP\.m2\repository\io\cucumber\messages\17.1.1\messages-17.1.1.jar;C:\Users\HP\.m2\repository\io\cucumber\tag-expressions\4.0.2\tag-expressions-4.0.2.jar;C:\Users\HP\.m2\repository\io\cucumber\cucumber-expressions\13.0.1\cucumber-expressions-13.0.1.jar;C:\Users\HP\.m2\repository\io\cucumber\datatable\7.0.0\datatable-7.0.0.jar;C:\Users\HP\.m2\repository\io\cucumber\cucumber-plugin\7.0.0\cucumber-plugin-7.0.0.jar;C:\Users\HP\.m2\repository\io\cucumber\docstring\7.0.0\docstring-7.0.0.jar;C:\Users\HP\.m2\repository\io\cucumber\html-formatter\17.0.0\html-formatter-17.0.0.jar;C:\Users\HP\.m2\repository\io\cucumber\create-meta\6.0.1\create-meta-6.0.1.jar;C:\Users\HP\.m2\repository\org\apiguardian\apiguardian-api\1.1.2\apiguardian-api-1.1.2.jar;C:\Users\HP\.m2\repository\io\cucumber\cucumber-junit\7.0.0\cucumber-junit-7.0.0.jar;C:\Users\HP\.m2\repository\org\seleniumhq\selenium\selenium-java\4.1.0\selenium-java-4.1.0.jar;C:\Users\HP\.m2\repository\org\seleniumhq\selenium\selenium-api\4.1.0\selenium-api-4.1.0.jar;C:\Users\HP\.m2\repository\org\seleniumhq\selenium\selenium-chrome-driver\4.1.0\selenium-chrome-driver-4.1.0.jar;C:\Users\HP\.m2\repository\com\google\auto\service\auto-service-annotations\1.0.1\auto-service-annotations-1.0.1.jar;C:\Users\HP\.m2\repository\com\google\auto\service\auto-service\1.0.1\auto-service-1.0.1.jar;C:\Users\HP\.m2\repository\com\google\auto\auto-common\1.2\auto-common-1.2.jar;C:\Users\HP\.m2\repository\com\google\guava\guava\31.0.1-jre\guava-31.0.1-jre.jar;C:\Users\HP\.m2\repository\com\google\guava\failureaccess\1.0.1\failureaccess-1.0.1.jar;C:\Users\HP\.m2\repository\com\google\guava\listenablefuture\9999.0-empty-to-avoid-conflict-with-guava\listenablefuture-9999.0-empty-to-avoid-conflict-with-guava.jar;C:\Users\HP\.m2\repository\com\google\code\findbugs\jsr305\3.0.2\jsr305-3.0.2.jar;C:\Users\HP\.m2\repository\org\checkerframework\checker-qual\3.12.0\checker-qual-3.12.0.jar;C:\Users\HP\.m2\repository\com\google\errorprone\error_prone_annotations\2.7.1\error_prone_annotations-2.7.1.jar;C:\Users\HP\.m2\repository\com\google\j2objc\j2objc-annotations\1.3\j2objc-annotations-1.3.jar;C:\Users\HP\.m2\repository\org\seleniumhq\selenium\selenium-chromium-driver\4.1.0\selenium-chromium-driver-4.1.0.jar;C:\Users\HP\.m2\repository\org\seleniumhq\selenium\selenium-json\4.1.0\selenium-json-4.1.0.jar;C:\Users\HP\.m2\repository\org\seleniumhq\selenium\selenium-devtools-v85\4.1.0\selenium-devtools-v85-4.1.0.jar;C:\Users\HP\.m2\repository\org\seleniumhq\selenium\selenium-devtools-v94\4.1.0\selenium-devtools-v94-4.1.0.jar;C:\Users\HP\.m2\repository\org\seleniumhq\selenium\selenium-devtools-v95\4.1.0\selenium-devtools-v95-4.1.0.jar;C:\Users\HP\.m2\repository\org\seleniumhq\selenium\selenium-devtools-v96\4.1.0\selenium-devtools-v96-4.1.0.jar;C:\Users\HP\.m2\repository\org\seleniumhq\selenium\selenium-edge-driver\4.1.0\selenium-edge-driver-4.1.0.jar;C:\Users\HP\.m2\repository\org\seleniumhq\selenium\selenium-firefox-driver\4.1.0\selenium-firefox-driver-4.1.0.jar;C:\Users\HP\.m2\repository\org\seleniumhq\selenium\selenium-firefox-xpi-driver\4.1.0\selenium-firefox-xpi-driver-4.1.0.jar;C:\Users\HP\.m2\repository\org\seleniumhq\selenium\selenium-ie-driver\4.1.0\selenium-ie-driver-4.1.0.jar;C:\Users\HP\.m2\repository\org\seleniumhq\selenium\selenium-opera-driver\4.1.0\selenium-opera-driver-4.1.0.jar;C:\Users\HP\.m2\repository\org\seleniumhq\selenium\selenium-remote-driver\4.1.0\selenium-remote-driver-4.1.0.jar;C:\Users\HP\.m2\repository\com\beust\jcommander\1.81\jcommander-1.81.jar;C:\Users\HP\.m2\repository\io\netty\netty-buffer\4.1.69.Final\netty-buffer-4.1.69.Final.jar;C:\Users\HP\.m2\repository\io\netty\netty-codec-http\4.1.69.Final\netty-codec-http-4.1.69.Final.jar;C:\Users\HP\.m2\repository\io\netty\netty-codec\4.1.69.Final\netty-codec-4.1.69.Final.jar;C:\Users\HP\.m2\repository\io\netty\netty-handler\4.1.69.Final\netty-handler-4.1.69.Final.jar;C:\Users\HP\.m2\repository\io\netty\netty-common\4.1.69.Final\netty-common-4.1.69.Final.jar;C:\Users\HP\.m2\repository\io\netty\netty-transport-native-epoll\4.1.69.Final\netty-transport-native-epoll-4.1.69.Final.jar;C:\Users\HP\.m2\repository\io\netty\netty-transport-native-kqueue\4.1.69.Final\netty-transport-native-kqueue-4.1.69.Final.jar;C:\Users\HP\.m2\repository\io\netty\netty-transport-native-unix-common\4.1.69.Final\netty-transport-native-unix-common-4.1.69.Final.jar;C:\Users\HP\.m2\repository\io\netty\netty-transport\4.1.69.Final\netty-transport-4.1.69.Final.jar;C:\Users\HP\.m2\repository\io\netty\netty-resolver\4.1.69.Final\netty-resolver-4.1.69.Final.jar;C:\Users\HP\.m2\repository\io\opentelemetry\opentelemetry-api\1.9.0\opentelemetry-api-1.9.0.jar;C:\Users\HP\.m2\repository\io\opentelemetry\opentelemetry-context\1.9.0\opentelemetry-context-1.9.0.jar;C:\Users\HP\.m2\repository\io\opentelemetry\opentelemetry-exporter-logging\1.9.0\opentelemetry-exporter-logging-1.9.0.jar;C:\Users\HP\.m2\repository\io\opentelemetry\opentelemetry-sdk-metrics\1.9.0-alpha\opentelemetry-sdk-metrics-1.9.0-alpha.jar;C:\Users\HP\.m2\repository\io\opentelemetry\opentelemetry-sdk-logs\1.9.0-alpha\opentelemetry-sdk-logs-1.9.0-alpha.jar;C:\Users\HP\.m2\repository\com\fasterxml\jackson\core\jackson-databind\2.13.0\jackson-databind-2.13.0.jar;C:\Users\HP\.m2\repository\com\fasterxml\jackson\core\jackson-annotations\2.13.0\jackson-annotations-2.13.0.jar;C:\Users\HP\.m2\repository\com\fasterxml\jackson\core\jackson-core\2.13.0\jackson-core-2.13.0.jar;C:\Users\HP\.m2\repository\io\opentelemetry\opentelemetry-sdk-common\1.9.0\opentelemetry-sdk-common-1.9.0.jar;C:\Users\HP\.m2\repository\io\opentelemetry\opentelemetry-sdk-extension-autoconfigure-spi\1.9.0\opentelemetry-sdk-extension-autoconfigure-spi-1.9.0.jar;C:\Users\HP\.m2\repository\io\opentelemetry\opentelemetry-sdk-extension-autoconfigure\1.9.0-alpha\opentelemetry-sdk-extension-autoconfigure-1.9.0-alpha.jar;C:\Users\HP\.m2\repository\io\opentelemetry\opentelemetry-sdk-trace\1.9.0\opentelemetry-sdk-trace-1.9.0.jar;C:\Users\HP\.m2\repository\io\opentelemetry\opentelemetry-api-metrics\1.9.0-alpha\opentelemetry-api-metrics-1.9.0-alpha.jar;C:\Users\HP\.m2\repository\io\opentelemetry\opentelemetry-sdk\1.9.0\opentelemetry-sdk-1.9.0.jar;C:\Users\HP\.m2\repository\io\opentelemetry\opentelemetry-semconv\1.9.0-alpha\opentelemetry-semconv-1.9.0-alpha.jar;C:\Users\HP\.m2\repository\io\ous\jtoml\2.0.0\jtoml-2.0.0.jar;C:\Users\HP\.m2\repository\net\bytebuddy\byte-buddy\1.12.1\byte-buddy-1.12.1.jar;C:\Users\HP\.m2\repository\org\apache\commons\commons-exec\1.3\commons-exec-1.3.jar;C:\Users\HP\.m2\repository\org\asynchttpclient\async-http-client\2.12.3\async-http-client-2.12.3.jar;C:\Users\HP\.m2\repository\org\asynchttpclient\async-http-client-netty-utils\2.12.3\async-http-client-netty-utils-2.12.3.jar;C:\Users\HP\.m2\repository\io\netty\netty-codec-socks\4.1.60.Final\netty-codec-socks-4.1.60.Final.jar;C:\Users\HP\.m2\repository\io\netty\netty-handler-proxy\4.1.60.Final\netty-handler-proxy-4.1.60.Final.jar;C:\Users\HP\.m2\repository\io\netty\netty-transport-native-epoll\4.1.60.Final\netty-transport-native-epoll-4.1.60.Final-linux-x86_64.jar;C:\Users\HP\.m2\repository\io\netty\netty-transport-native-kqueue\4.1.60.Final\netty-transport-native-kqueue-4.1.60.Final-osx-x86_64.jar;C:\Users\HP\.m2\repository\org\reactivestreams\reactive-streams\1.0.3\reactive-streams-1.0.3.jar;C:\Users\HP\.m2\repository\com\typesafe\netty\netty-reactive-streams\2.0.4\netty-reactive-streams-2.0.4.jar;C:\Users\HP\.m2\repository\org\slf4j\slf4j-api\1.7.30\slf4j-api-1.7.30.jar;C:\Users\HP\.m2\repository\com\sun\activation\jakarta.activation\1.2.2\jakarta.activation-1.2.2.jar;C:\Users\HP\.m2\repository\org\seleniumhq\selenium\selenium-http\4.1.0\selenium-http-4.1.0.jar;C:\Users\HP\.m2\repository\net\jodah\failsafe\2.4.4\failsafe-2.4.4.jar;C:\Users\HP\.m2\repository\org\seleniumhq\selenium\selenium-safari-driver\4.1.0\selenium-safari-driver-4.1.0.jar;C:\Users\HP\.m2\repository\org\seleniumhq\selenium\selenium-support\4.1.0\selenium-support-4.1.0.jar;C:\Users\HP\.m2\repository\junit\junit\4.13.2\junit-4.13.2.jar;C:\Users\HP\.m2\repository\org\hamcrest\hamcrest-core\1.3\hamcrest-core-1.3.jar;"/>
    <property name="sun.cpu.endian" value="little"/>
    <property name="user.home" value="C:\Users\HP"/>
    <property name="user.language" value="en"/>
    <property name="java.specification.vendor" value="Oracle Corporation"/>
    <property name="java.home" value="C:\Program Files\Java\jdk1.8.0_281\jre"/>
    <property name="basedir" value="F:\MavenSeleniumreport\CucumberJava"/>
    <property name="file.separator" value="\"/>
    <property name="line.separator" value="&#10;"/>
    <property name="java.vm.specification.vendor" value="Oracle Corporation"/>
    <property name="java.specification.name" value="Java Platform API Specification"/>
    <property name="java.awt.graphicsenv" value="sun.awt.Win32GraphicsEnvironment"/>
    <property name="surefire.real.class.path" value="C:\Users\HP\AppData\Local\Temp\surefire6183341744296906205\surefirebooter2004355075412423167.jar"/>
    <property name="sun.boot.class.path" value="C:\Program Files\Java\jdk1.8.0_281\jre\lib\resources.jar;C:\Program Files\Java\jdk1.8.0_281\jre\lib\rt.jar;C:\Program Files\Java\jdk1.8.0_281\jre\lib\sunrsasign.jar;C:\Program Files\Java\jdk1.8.0_281\jre\lib\jsse.jar;C:\Program Files\Java\jdk1.8.0_281\jre\lib\jce.jar;C:\Program Files\Java\jdk1.8.0_281\jre\lib\charsets.jar;C:\Program Files\Java\jdk1.8.0_281\jre\lib\jfr.jar;C:\Program Files\Java\jdk1.8.0_281\jre\classes"/>
    <property name="user.script" value=""/>
    <property name="sun.management.compiler" value="HotSpot 64-Bit Tiered Compilers"/>
    <property name="java.runtime.version" value="1.8.0_281-b09"/>
    <property name="user.name" value="HP"/>
    <property name="path.separator" value=";"/>
    <property name="os.version" value="10.0"/>
    <property name="java.endorsed.dirs" value="C:\Program Files\Java\jdk1.8.0_281\jre\lib\endorsed"/>
    <property name="java.runtime.name" value="Java(TM) SE Runtime Environment"/>
    <property name="file.encoding" value="Cp1252"/>
    <property name="java.vm.name" value="Java HotSpot(TM) 64-Bit Server VM"/>
    <property name="localRepository" value="C:\Users\HP\.m2\repository"/>
    <property name="java.vendor.url.bug" value="http://bugreport.sun.com/bugreport/"/>
    <property name="java.io.tmpdir" value="C:\Users\HP\AppData\Local\Temp\"/>
    <property name="java.version" value="1.8.0_281"/>
    <property name="user.dir" value="F:\MavenSeleniumreport\CucumberJava"/>
    <property name="os.arch" value="amd64"/>
    <property name="java.vm.specification.name" value="Java Virtual Machine Specification"/>
    <property name="java.awt.printerjob" value="sun.awt.windows.WPrinterJob"/>
    <property name="sun.os.patch.level" value=""/>
    <property name="java.library.path" value="C:\Program Files\Java\jdk1.8.0_281\jre\bin;C:\Windows\Sun\Java\bin;C:\Windows\system32;C:\Windows;C:/Program Files/Java/jre1.8.0_281/bin/server;C:/Program Files/Java/jre1.8.0_281/bin;C:/Program Files/Java/jre1.8.0_281/lib/amd64;C:\Program Files\Common Files\Oracle\Java\javapath;C:\Program Files (x86)\Common Files\Oracle\Java\javapath;C:\Users\HP\Downloads\WINDOWS.X64_193000_db_home\bin;C:\Windows\system32;C:\Windows;C:\Windows\System32\Wbem;C:\Windows\System32\WindowsPowerShell\v1.0\;C:\Windows\System32\OpenSSH\;C:\Program Files (x86)\Microsoft SQL Server\100\Tools\Binn\;C:\Program Files\Microsoft SQL Server\100\Tools\Binn\;C:\Program Files\Microsoft SQL Server\100\DTS\Binn\;C:\Program Files\nodejs\;C:\Program Files\Java\jdk-20\bin;C:\ProgramData\Microsoft\Windows\Start Menu\Programs\Git;C:\Program Files\MongoDB\Server\7.0\bin;C:\Users\HP\AppData\Local\Microsoft\WindowsApps;C:\Users\HP\AppData\Roaming\npm;C:\Users\HP\AppData\Local\GitHubDesktop\bin;C:\Users\HP\Downloads\eclipse-jee-neon-3-win32-x86_64\eclipse;;."/>
    <property name="java.vm.info" value="mixed mode"/>
    <property name="java.vendor" value="Oracle Corporation"/>
    <property name="java.vm.version" value="25.281-b09"/>
    <property name="java.ext.dirs" value="C:\Program Files\Java\jdk1.8.0_281\jre\lib\ext;C:\Windows\Sun\Java\lib\ext"/>
    <property name="sun.io.unicode.encoding" value="UnicodeLittle"/>
    <property name="java.class.version" value="52.0"/>
  </properties>
  <testcase name="Successful login with valid credentials" classname="feature to test login functionality" time="30.879">
    <failure message="expected:&lt;...://www.facebook.com/[]&gt; but was:&lt;...://www.facebook.com/[recover/initiate/?lara_product=www_first_password_failure]&gt;" type="org.junit.ComparisonFailure"><![CDATA[org.junit.ComparisonFailure: expected:<...://www.facebook.com/[]> but was:<...://www.facebook.com/[recover/initiate/?lara_product=www_first_password_failure]>
]]></failure>
    <system-out><![CDATA[
Scenario: Successful login with valid credentials &amp#27;[90m# src/test/resources/features/FacebookLogin.feature:4&amp#27;[0m
  &amp#27;[32mGiven &amp#27;[0m&amp#27;[32mI am on the Facebook login page&amp#27;[0m           &amp#27;[90m# com.example.steps.FacebookLoginSteps.i_am_on_the_facebook_login_page()&amp#27;[0m
  &amp#27;[32mWhen &amp#27;[0m&amp#27;[32mI enter valid credentials&amp#27;[0m                  &amp#27;[90m# com.example.steps.FacebookLoginSteps.i_enter_valid_credentials()&amp#27;[0m
  &amp#27;[32mAnd &amp#27;[0m&amp#27;[32mI click the login button&amp#27;[0m                    &amp#27;[90m# com.example.steps.FacebookLoginSteps.i_click_the_login_button()&amp#27;[0m
  &amp#27;[31mThen &amp#27;[0m&amp#27;[31mI should be redirected to the home page&amp#27;[0m    &amp#27;[90m# com.example.steps.FacebookLoginSteps.i_should_be_redirected_to_the_home_page()&amp#27;[0m
      &amp#27;[31morg.junit.ComparisonFailure: expected:<...://www.facebook.com/[]> but was:<...://www.facebook.com/[recover/initiate/?lara_product=www_first_password_failure]>
	at org.junit.Assert.assertEquals(Assert.java:117)
	at org.junit.Assert.assertEquals(Assert.java:146)
	at com.example.steps.FacebookLoginSteps.i_should_be_redirected_to_the_home_page(FacebookLoginSteps.java:44)
	at âœ½.I should be redirected to the home page(file:///F:/MavenSeleniumreport/CucumberJava/src/test/resources/features/FacebookLogin.feature:8)
&amp#27;[0m
]]></system-out>
    <system-err><![CDATA[SLF4J: Failed to load class "org.slf4j.impl.StaticLoggerBinder".
SLF4J: Defaulting to no-operation (NOP) logger implementation
SLF4J: See http://www.slf4j.org/codes.html#StaticLoggerBinder for further details.
Starting ChromeDriver 125.0.6422.60 (3ac3319bff9f3e139d632e3d195e3d2d43d86e37-refs/branch-heads/6422@{#1017}) on port 56658
Only local connections are allowed.
Please see https://chromedriver.chromium.org/security-considerations for suggestions on keeping ChromeDriver safe.
ChromeDriver was started successfully.
Jun 20, 2024 11:18:02 AM org.openqa.selenium.remote.ProtocolHandshake createSession
INFO: Detected dialect: W3C
Jun 20, 2024 11:18:04 AM org.openqa.selenium.devtools.CdpVersionFinder findNearestMatch
WARNING: Unable to find an exact match for CDP version 125, so returning the closest version found: a no-op implementation
Jun 20, 2024 11:18:04 AM org.openqa.selenium.devtools.CdpVersionFinder findNearestMatch
INFO: Unable to find CDP implementation matching 125.
Jun 20, 2024 11:18:04 AM org.openqa.selenium.chromium.ChromiumDriver lambda$new$3
WARNING: Unable to find version of CDP to use for . You may need to include a dependency on a specific version of the CDP using something similar to `org.seleniumhq.selenium:selenium-devtools-v86:4.1.0` where the version ("v86") matches the version of the chromium-based browser you're using and the version number of the artifact is the same as Selenium's.
]]></system-err>
  </testcase>
</testsuite>